;  LST file generated by mikroListExporter - v.2.0 
; Date/Time: 1/22/2019 1:44:16 PM
;----------------------------------------------

;Address Opcode 	ASM
0x0000	0x2831      	GOTO       49
_interrupt:
0x0004	0x00FF      	MOVWF      R15
0x0005	0x0E03      	SWAPF      STATUS, 0
0x0006	0x0183      	CLRF       STATUS
0x0007	0x00A3      	MOVWF      ___saveSTATUS
0x0008	0x080A      	MOVF       PCLATH, 0
0x0009	0x00A2      	MOVWF      ___savePCLATH
0x000A	0x018A      	CLRF       PCLATH
;INTERRUBT.c,7 :: 		void interrupt(){
;INTERRUBT.c,8 :: 		if (intcon.intf==1)
0x000B	0x1C8B      	BTFSS      INTCON, 1
0x000C	0x2810      	GOTO       L_interrupt0
;INTERRUBT.c,10 :: 		PORTD.F0=~PORTD.F0;
0x000D	0x3001      	MOVLW      1
0x000E	0x0688      	XORWF      PORTD, 1
;INTERRUBT.c,11 :: 		intcon.intf=0;
0x000F	0x108B      	BCF        INTCON, 1
;INTERRUBT.c,12 :: 		}
L_interrupt0:
;INTERRUBT.c,13 :: 		}
L_end_interrupt:
L__interrupt5:
0x0010	0x0822      	MOVF       ___savePCLATH, 0
0x0011	0x008A      	MOVWF      PCLATH
0x0012	0x0E23      	SWAPF      ___saveSTATUS, 0
0x0013	0x0083      	MOVWF      STATUS
0x0014	0x0EFF      	SWAPF      R15, 1
0x0015	0x0E7F      	SWAPF      R15, 0
0x0016	0x0009      	RETFIE
; end of _interrupt
_____DoICP:
;__Lib_System.c,6 :: 		
;__Lib_System.c,9 :: 		
0x0017	0x1283      	BCF        STATUS, 5
0x0018	0x1303      	BCF        STATUS, 6
0x0019	0x0821      	MOVF       ___DoICPAddr+1, 0
0x001A	0x008A      	MOVWF      PCLATH
;__Lib_System.c,10 :: 		
0x001B	0x0820      	MOVF       ___DoICPAddr, 0
0x001C	0x0082      	MOVWF      PCL
;__Lib_System.c,12 :: 		
L_end_____DoICP:
0x001D	0x0008      	RETURN
; end of _____DoICP
_init_interrupt:
;INTERRUBT.c,1 :: 		void init_interrupt(){
;INTERRUBT.c,2 :: 		option_reg.intedg=0;
0x001E	0x1683      	BSF        STATUS, 5
0x001F	0x1303      	BCF        STATUS, 6
0x0020	0x1301      	BCF        OPTION_REG, 6
;INTERRUBT.c,3 :: 		intcon.inte=1;
0x0021	0x160B      	BSF        INTCON, 4
;INTERRUBT.c,4 :: 		intcon.PEIE=1;
0x0022	0x170B      	BSF        INTCON, 6
;INTERRUBT.c,5 :: 		intcon.gie=1;
0x0023	0x178B      	BSF        INTCON, 7
;INTERRUBT.c,6 :: 		}
L_end_init_interrupt:
0x0024	0x0008      	RETURN
; end of _init_interrupt
___CC2DW:
;__Lib_System.c,134 :: 		
;__Lib_System.c,137 :: 		
_CC2D_Loop1:
;__Lib_System.c,139 :: 		
0x0025	0x2017      	CALL       _____DoICP
0x0026	0x118A      	BCF        PCLATH, 3
0x0027	0x120A      	BCF        PCLATH, 4
;__Lib_System.c,141 :: 		
0x0028	0x0080      	MOVWF      INDF
;__Lib_System.c,142 :: 		
0x0029	0x0A84      	INCF       FSR, 1
;__Lib_System.c,143 :: 		
0x002A	0x0AA0      	INCF       ___DoICPAddr, 1
;__Lib_System.c,145 :: 		
0x002B	0x1903      	BTFSC      STATUS, 2
;__Lib_System.c,146 :: 		
0x002C	0x0AA1      	INCF       ___DoICPAddr+1, 1
;__Lib_System.c,147 :: 		
0x002D	0x03F0      	DECF       R0, 1
;__Lib_System.c,149 :: 		
0x002E	0x1D03      	BTFSS      STATUS, 2
;__Lib_System.c,150 :: 		
0x002F	0x2825      	GOTO       _CC2D_Loop1
;__Lib_System.c,152 :: 		
L_end___CC2DW:
0x0030	0x0008      	RETURN
; end of ___CC2DW
_main:
;INTERRUBT.c,15 :: 		void main(){
;INTERRUBT.c,16 :: 		init_interrupt();
0x0031	0x201E      	CALL       _init_interrupt
;INTERRUBT.c,17 :: 		TRISB.F0=1;
0x0032	0x1406      	BSF        TRISB, 0
;INTERRUBT.c,18 :: 		TRISD.F0=0;
0x0033	0x1008      	BCF        TRISD, 0
;INTERRUBT.c,19 :: 		PORTD.F0=0;
0x0034	0x1283      	BCF        STATUS, 5
0x0035	0x1008      	BCF        PORTD, 0
;INTERRUBT.c,20 :: 		while (1)
L_main1:
;INTERRUBT.c,22 :: 		asm sleep;
0x0036	0x0063      	SLEEP
;INTERRUBT.c,23 :: 		}
0x0037	0x2836      	GOTO       L_main1
;INTERRUBT.c,24 :: 		}
L_end_main:
0x0038	0x2838      	GOTO       $+0
; end of _main
Symbol List:
//** Routines locations **
//ADDRESS    SIZE    PROCEDURE
//----------------------------------------------
0x0004      [19]    _interrupt
0x0017       [7]    _____DoICP
0x001E       [7]    _init_interrupt
0x0025      [12]    ___CC2DW
0x0031       [8]    _main
//** Variables locations ** 
//ADDRESS    SIZE    VARIABLE
//----------------------------------------------
0x0000       [1]    INDF
0x0002       [1]    PCL
0x0003       [1]    STATUS
0x0004       [1]    FSR
0x0008       [1]    PORTD
0x000A       [1]    PCLATH
0x000B       [1]    INTCON
0x0020       [2]    ___DoICPAddr
0x0022       [1]    ___savePCLATH
0x0023       [1]    ___saveSTATUS
0x0070       [1]    R0
0x0071       [1]    R1
0x0072       [1]    R2
0x0073       [1]    R3
0x0074       [1]    R4
0x0075       [1]    R5
0x0076       [1]    R6
0x0077       [1]    R7
0x0078       [1]    R8
0x0079       [1]    R9
0x007A       [1]    R10
0x007B       [1]    R11
0x007C       [1]    R12
0x007D       [1]    R13
0x007E       [1]    R14
0x007F       [1]    R15
0x0081       [1]    OPTION_REG
0x0086       [1]    TRISB
0x0088       [1]    TRISD
//** Label List: ** 
//----------------------------------------------
  L_interrupt0
  L_main1
  L_main2
  L_end_init_interrupt
  _init_interrupt
  L_end_interrupt
  _interrupt
  L__interrupt5
  L_end_main
  _main
  L_loopCA2AWs
  L_CA2AWend
  _CCA2AW_Loop1
  L_loopCS2Ss
  L_CS2Send
  _CCS2S_Loop1
  L_CCS2Send
  L_loopFZinSWs
  L_FZinSend
  _CC2D_Loop1
  L_end_____DoICP
  _____DoICP
  L_end_____DoIFC
  _____DoIFC
  L_end___CA2AW
  ___CA2AW
  L_end___CCA2AW
  ___CCA2AW
  L_end___CS2S
  ___CS2S
  L_end___CCS2S
  ___CCS2S
  L_end___FZinS
  ___FZinS
  L_end___CC2DW
  ___CC2DW
  L_end_Swap
  _Swap
  L_interrupt0
  L_main1
  L_main2
  L_end_init_interrupt
  _init_interrupt
  L_end_interrupt
  _interrupt
  L__interrupt5
  L_end_main
  _main
